1489973748850	geckodriver	INFO	Listening on 127.0.0.1:53984
1489973749997	mozprofile::profile	INFO	Using profile path /var/folders/24/rfsj26t15fggp9b89t8npnmm8l1v64/T/rust_mozprofile.iK9ANeKoTnDS
1489973750006	geckodriver::marionette	INFO	Starting browser /Applications/Firefox.app/Contents/MacOS/firefox-bin
1489973750028	geckodriver::marionette	INFO	Connecting to Marionette on localhost:54009
1489973750352	addons.manager	DEBUG	Application has been upgraded
1489973750399	addons.manager	DEBUG	Loaded provider scope for resource://gre/modules/addons/XPIProvider.jsm: ["XPIProvider"]
1489973750402	addons.manager	DEBUG	Loaded provider scope for resource://gre/modules/LightweightThemeManager.jsm: ["LightweightThemeManager"]
1489973750410	addons.manager	DEBUG	Loaded provider scope for resource://gre/modules/addons/GMPProvider.jsm
1489973750412	addons.manager	DEBUG	Loaded provider scope for resource://gre/modules/addons/PluginProvider.jsm
1489973750413	addons.manager	DEBUG	Starting provider: XPIProvider
1489973750414	addons.xpi	DEBUG	startup
1489973750415	addons.xpi	INFO	SystemAddonInstallLocation directory is missing
1489973750416	addons.xpi	INFO	Mapping aushelper@mozilla.org to /Applications/Firefox.app/Contents/Resources/browser/features/aushelper@mozilla.org.xpi
1489973750417	addons.xpi	INFO	Mapping e10srollout@mozilla.org to /Applications/Firefox.app/Contents/Resources/browser/features/e10srollout@mozilla.org.xpi
1489973750417	addons.xpi	INFO	Mapping firefox@getpocket.com to /Applications/Firefox.app/Contents/Resources/browser/features/firefox@getpocket.com.xpi
1489973750417	addons.xpi	INFO	Mapping webcompat@mozilla.org to /Applications/Firefox.app/Contents/Resources/browser/features/webcompat@mozilla.org.xpi
1489973750418	addons.xpi	INFO	Mapping {972ce4c6-7e08-4474-a285-3208198ce6fd} to /Applications/Firefox.app/Contents/Resources/browser/extensions/{972ce4c6-7e08-4474-a285-3208198ce6fd}.xpi
1489973750418	addons.xpi	DEBUG	checkForChanges
1489973750419	addons.xpi	DEBUG	Loaded add-on state from prefs: {}
1489973750420	addons.xpi	DEBUG	New add-on aushelper@mozilla.org in app-system-defaults
1489973750420	addons.xpi	DEBUG	getModTime: Recursive scan of aushelper@mozilla.org
1489973750421	addons.xpi	DEBUG	New add-on e10srollout@mozilla.org in app-system-defaults
1489973750422	addons.xpi	DEBUG	getModTime: Recursive scan of e10srollout@mozilla.org
1489973750422	addons.xpi	DEBUG	New add-on firefox@getpocket.com in app-system-defaults
1489973750422	addons.xpi	DEBUG	getModTime: Recursive scan of firefox@getpocket.com
1489973750423	addons.xpi	DEBUG	New add-on webcompat@mozilla.org in app-system-defaults
1489973750423	addons.xpi	DEBUG	getModTime: Recursive scan of webcompat@mozilla.org
1489973750423	addons.xpi	DEBUG	New add-on {972ce4c6-7e08-4474-a285-3208198ce6fd} in app-global
1489973750424	addons.xpi	DEBUG	getModTime: Recursive scan of {972ce4c6-7e08-4474-a285-3208198ce6fd}
1489973750424	addons.xpi	DEBUG	getInstallState changed: true, state: {"app-system-defaults":{"aushelper@mozilla.org":{"d":"/Applications/Firefox.app/Contents/Resources/browser/features/aushelper@mozilla.org.xpi","st":1485373007000},"e10srollout@mozilla.org":{"d":"/Applications/Firefox.app/Contents/Resources/browser/features/e10srollout@mozilla.org.xpi","st":1485373007000},"firefox@getpocket.com":{"d":"/Applications/Firefox.app/Contents/Resources/browser/features/firefox@getpocket.com.xpi","st":1485373007000},"webcompat@mozilla.org":{"d":"/Applications/Firefox.app/Contents/Resources/browser/features/webcompat@mozilla.org.xpi","st":1485373007000}},"app-global":{"{972ce4c6-7e08-4474-a285-3208198ce6fd}":{"d":"/Applications/Firefox.app/Contents/Resources/browser/extensions/{972ce4c6-7e08-4474-a285-3208198ce6fd}.xpi","st":1485373007000}}}
1489973750433	addons.xpi-utils	DEBUG	Opening XPI database /var/folders/24/rfsj26t15fggp9b89t8npnmm8l1v64/T/rust_mozprofile.iK9ANeKoTnDS/extensions.json
1489973750434	addons.xpi-utils	DEBUG	New add-on aushelper@mozilla.org installed in app-system-defaults
*** Blocklist::_loadBlocklistFromFile: blocklist is disabled
1489973750447	DeferredSave.extensions.json	DEBUG	Save changes
1489973750448	addons.xpi-utils	DEBUG	New add-on e10srollout@mozilla.org installed in app-system-defaults
1489973750453	DeferredSave.extensions.json	DEBUG	Starting timer
1489973750454	DeferredSave.extensions.json	DEBUG	Save changes
1489973750454	addons.xpi-utils	DEBUG	New add-on firefox@getpocket.com installed in app-system-defaults
1489973750463	DeferredSave.extensions.json	DEBUG	Save changes
1489973750463	addons.xpi-utils	DEBUG	New add-on webcompat@mozilla.org installed in app-system-defaults
1489973750469	DeferredSave.extensions.json	DEBUG	Save changes
1489973750470	addons.xpi-utils	DEBUG	New add-on {972ce4c6-7e08-4474-a285-3208198ce6fd} installed in app-global
1489973750475	DeferredSave.extensions.json	DEBUG	Save changes
1489973750475	addons.manager	DEBUG	Registering startup change 'installed' for aushelper@mozilla.org
1489973750486	addons.xpi	DEBUG	Loading bootstrap scope from /Applications/Firefox.app/Contents/Resources/browser/features/aushelper@mozilla.org.xpi
1489973750492	addons.xpi	DEBUG	Calling bootstrap method install on aushelper@mozilla.org version 1.0
1489973750493	addons.xpi-utils	DEBUG	Make addon app-system-defaults:aushelper@mozilla.org visible
1489973750493	DeferredSave.extensions.json	DEBUG	Save changes
1489973750494	addons.manager	DEBUG	Registering startup change 'installed' for e10srollout@mozilla.org
1489973750494	addons.xpi	DEBUG	Loading bootstrap scope from /Applications/Firefox.app/Contents/Resources/browser/features/e10srollout@mozilla.org.xpi
1489973750496	addons.xpi	DEBUG	Calling bootstrap method install on e10srollout@mozilla.org version 1.7
1489973750497	addons.xpi-utils	DEBUG	Make addon app-system-defaults:e10srollout@mozilla.org visible
1489973750497	DeferredSave.extensions.json	DEBUG	Save changes
1489973750498	addons.manager	DEBUG	Registering startup change 'installed' for firefox@getpocket.com
1489973750498	addons.xpi	DEBUG	Loading bootstrap scope from /Applications/Firefox.app/Contents/Resources/browser/features/firefox@getpocket.com.xpi
1489973750502	addons.xpi	DEBUG	Calling bootstrap method install on firefox@getpocket.com version 1.0.5
1489973750502	addons.xpi-utils	DEBUG	Make addon app-system-defaults:firefox@getpocket.com visible
1489973750502	DeferredSave.extensions.json	DEBUG	Save changes
1489973750503	addons.manager	DEBUG	Registering startup change 'installed' for webcompat@mozilla.org
1489973750503	addons.xpi	DEBUG	Loading bootstrap scope from /Applications/Firefox.app/Contents/Resources/browser/features/webcompat@mozilla.org.xpi
1489973750504	addons.xpi	DEBUG	Calling bootstrap method install on webcompat@mozilla.org version 1.0
1489973750504	addons.xpi-utils	DEBUG	Make addon app-system-defaults:webcompat@mozilla.org visible
1489973750505	DeferredSave.extensions.json	DEBUG	Save changes
1489973750505	addons.xpi-utils	DEBUG	Make addon app-global:{972ce4c6-7e08-4474-a285-3208198ce6fd} visible
1489973750505	DeferredSave.extensions.json	DEBUG	Save changes
1489973750505	addons.xpi	DEBUG	Updating XPIState for {"id":"aushelper@mozilla.org","syncGUID":"{47329e6a-8f08-1847-80ec-e95aa3e87bb4}","location":"app-system-defaults","version":"1.0","type":"extension","internalName":null,"updateURL":null,"updateKey":null,"optionsURL":null,"optionsType":null,"aboutURL":null,"icons":{},"iconURL":null,"icon64URL":null,"defaultLocale":{"name":"Application Update Service Helper","description":"Sets value(s) in the update url based on custom checks.","creator":null,"homepageURL":null},"visible":true,"active":true,"userDisabled":false,"appDisabled":false,"descriptor":"/Applications/Firefox.app/Contents/Resources/browser/features/aushelper@mozilla.org.xpi","installDate":1485373007000,"updateDate":1485373007000,"applyBackgroundUpdates":1,"bootstrap":true,"skinnable":false,"size":5975,"sourceURI":null,"releaseNotesURI":null,"softDisabled":false,"foreignInstall":false,"hasBinaryComponents":false,"strictCompatibility":false,"locales":[],"targetApplications":[{"id":"{ec8030f7-c20a-464f-9b0e-13a3a9e97384}","minVersion":"51.0.1","maxVersion":"51.*"}],"targetPlatforms":[],"multiprocessCompatible":true,"seen":true,"dependencies":[],"hasEmbeddedWebExtension":false,"mpcOptedOut":false}
1489973750505	addons.xpi	DEBUG	getModTime: Recursive scan of aushelper@mozilla.org
1489973750506	addons.xpi	DEBUG	Updating XPIState for {"id":"e10srollout@mozilla.org","syncGUID":"{04d36414-fbb8-3742-ab98-f3893e03fe41}","location":"app-system-defaults","version":"1.7","type":"extension","internalName":null,"updateURL":null,"updateKey":null,"optionsURL":null,"optionsType":null,"aboutURL":null,"icons":{},"iconURL":null,"icon64URL":null,"defaultLocale":{"name":"Multi-process staged rollout","description":"Staged rollout of Firefox multi-process feature.","creator":null,"homepageURL":null},"visible":true,"active":true,"userDisabled":false,"appDisabled":false,"descriptor":"/Applications/Firefox.app/Contents/Resources/browser/features/e10srollout@mozilla.org.xpi","installDate":1485373007000,"updateDate":1485373007000,"applyBackgroundUpdates":1,"bootstrap":true,"skinnable":false,"size":6997,"sourceURI":null,"releaseNotesURI":null,"softDisabled":false,"foreignInstall":false,"hasBinaryComponents":false,"strictCompatibility":false,"locales":[],"targetApplications":[{"id":"{ec8030f7-c20a-464f-9b0e-13a3a9e97384}","minVersion":"51.0.1","maxVersion":"51.*"}],"targetPlatforms":[],"multiprocessCompatible":true,"seen":true,"dependencies":[],"hasEmbeddedWebExtension":false,"mpcOptedOut":false}
1489973750506	addons.xpi	DEBUG	getModTime: Recursive scan of e10srollout@mozilla.org
1489973750506	addons.xpi	DEBUG	Updating XPIState for {"id":"firefox@getpocket.com","syncGUID":"{059a1ff8-191b-d240-9367-c5eb1293f0f4}","location":"app-system-defaults","version":"1.0.5","type":"extension","internalName":null,"updateURL":null,"updateKey":null,"optionsURL":null,"optionsType":null,"aboutURL":null,"icons":{},"iconURL":null,"icon64URL":null,"defaultLocale":{"name":"Pocket","description":"When you find something you want to view later, put it in Pocket.","creator":null,"homepageURL":null},"visible":true,"active":true,"userDisabled":false,"appDisabled":false,"descriptor":"/Applications/Firefox.app/Contents/Resources/browser/features/firefox@getpocket.com.xpi","installDate":1485373007000,"updateDate":1485373007000,"applyBackgroundUpdates":1,"bootstrap":true,"skinnable":false,"size":921011,"sourceURI":null,"releaseNotesURI":null,"softDisabled":false,"foreignInstall":false,"hasBinaryComponents":false,"strictCompatibility":false,"locales":[],"targetApplications":[{"id":"{ec8030f7-c20a-464f-9b0e-13a3a9e97384}","minVersion":"51.0.1","maxVersion":"51.*"}],"targetPlatforms":[],"multiprocessCompatible":true,"seen":true,"dependencies":[],"hasEmbeddedWebExtension":false,"mpcOptedOut":false}
1489973750506	addons.xpi	DEBUG	getModTime: Recursive scan of firefox@getpocket.com
1489973750507	addons.xpi	DEBUG	Updating XPIState for {"id":"webcompat@mozilla.org","syncGUID":"{26f3cf1e-b173-a642-bf15-3610148d829a}","location":"app-system-defaults","version":"1.0","type":"extension","internalName":null,"updateURL":null,"updateKey":null,"optionsURL":null,"optionsType":null,"aboutURL":null,"icons":{},"iconURL":null,"icon64URL":null,"defaultLocale":{"name":"Web Compat","description":"Urgent post-release fixes for web compatibility.","creator":null,"homepageURL":null},"visible":true,"active":true,"userDisabled":false,"appDisabled":false,"descriptor":"/Applications/Firefox.app/Contents/Resources/browser/features/webcompat@mozilla.org.xpi","installDate":1485373007000,"updateDate":1485373007000,"applyBackgroundUpdates":1,"bootstrap":true,"skinnable":false,"size":1570,"sourceURI":null,"releaseNotesURI":null,"softDisabled":false,"foreignInstall":false,"hasBinaryComponents":false,"strictCompatibility":false,"locales":[],"targetApplications":[{"id":"{ec8030f7-c20a-464f-9b0e-13a3a9e97384}","minVersion":"51.0.1","maxVersion":"51.*"}],"targetPlatforms":[],"multiprocessCompatible":true,"seen":true,"dependencies":[],"hasEmbeddedWebExtension":false,"mpcOptedOut":false}
1489973750507	addons.xpi	DEBUG	getModTime: Recursive scan of webcompat@mozilla.org
1489973750507	addons.xpi	DEBUG	Updating XPIState for {"id":"{972ce4c6-7e08-4474-a285-3208198ce6fd}","syncGUID":"{5a774eff-8a22-b14c-b300-73699475ef46}","location":"app-global","version":"51.0.1","type":"theme","internalName":"classic/1.0","updateURL":null,"updateKey":null,"optionsURL":null,"optionsType":null,"aboutURL":null,"icons":{"32":"icon.png","48":"icon.png"},"iconURL":null,"icon64URL":null,"defaultLocale":{"name":"Default","description":"The default theme.","creator":"Mozilla","homepageURL":null,"contributors":["Mozilla Contributors"]},"visible":true,"active":true,"userDisabled":false,"appDisabled":false,"descriptor":"/Applications/Firefox.app/Contents/Resources/browser/extensions/{972ce4c6-7e08-4474-a285-3208198ce6fd}.xpi","installDate":1485373007000,"updateDate":1485373007000,"applyBackgroundUpdates":1,"skinnable":true,"size":6352,"sourceURI":null,"releaseNotesURI":null,"softDisabled":false,"foreignInstall":false,"hasBinaryComponents":false,"strictCompatibility":true,"locales":[],"targetApplications":[{"id":"{ec8030f7-c20a-464f-9b0e-13a3a9e97384}","minVersion":"51.0.1","maxVersion":"51.0.1"}],"targetPlatforms":[],"seen":true,"dependencies":[],"hasEmbeddedWebExtension":false}
1489973750507	addons.xpi	DEBUG	getModTime: Recursive scan of {972ce4c6-7e08-4474-a285-3208198ce6fd}
1489973750508	DeferredSave.extensions.json	DEBUG	Save changes
1489973750508	addons.xpi	DEBUG	Updating database with changes to installed add-ons
1489973750508	addons.xpi-utils	DEBUG	Updating add-on states
1489973750509	addons.xpi-utils	DEBUG	Writing add-ons list
1489973750511	addons.xpi	DEBUG	Registering manifest for /Applications/Firefox.app/Contents/Resources/browser/features/aushelper@mozilla.org.xpi
1489973750511	addons.xpi	DEBUG	Calling bootstrap method startup on aushelper@mozilla.org version 1.0
1489973750512	addons.xpi	DEBUG	Registering manifest for /Applications/Firefox.app/Contents/Resources/browser/features/e10srollout@mozilla.org.xpi
1489973750513	addons.xpi	DEBUG	Calling bootstrap method startup on e10srollout@mozilla.org version 1.7
1489973750514	addons.xpi	DEBUG	Registering manifest for /Applications/Firefox.app/Contents/Resources/browser/features/firefox@getpocket.com.xpi
1489973750515	addons.xpi	DEBUG	Calling bootstrap method startup on firefox@getpocket.com version 1.0.5
1489973750517	addons.xpi	DEBUG	Registering manifest for /Applications/Firefox.app/Contents/Resources/browser/features/webcompat@mozilla.org.xpi
1489973750517	addons.xpi	DEBUG	Calling bootstrap method startup on webcompat@mozilla.org version 1.0
1489973750520	addons.manager	DEBUG	Registering shutdown blocker for XPIProvider
1489973750521	addons.manager	DEBUG	Provider finished startup: XPIProvider
1489973750521	addons.manager	DEBUG	Starting provider: LightweightThemeManager
1489973750521	addons.manager	DEBUG	Registering shutdown blocker for LightweightThemeManager
1489973750521	addons.manager	DEBUG	Provider finished startup: LightweightThemeManager
1489973750521	addons.manager	DEBUG	Starting provider: GMPProvider
1489973750530	addons.manager	DEBUG	Registering shutdown blocker for GMPProvider
1489973750530	addons.manager	DEBUG	Provider finished startup: GMPProvider
1489973750531	addons.manager	DEBUG	Starting provider: PluginProvider
1489973750531	addons.manager	DEBUG	Registering shutdown blocker for PluginProvider
1489973750531	addons.manager	DEBUG	Provider finished startup: PluginProvider
1489973750531	addons.manager	DEBUG	Completed startup sequence
1489973750784	Marionette	INFO	Listening on port 54009
1489973751025	addons.manager	DEBUG	Starting provider: <unnamed-provider>
1489973751025	addons.manager	DEBUG	Registering shutdown blocker for <unnamed-provider>
1489973751026	addons.manager	DEBUG	Provider finished startup: <unnamed-provider>
1489973751111	addons.manager	DEBUG	Starting provider: PreviousExperimentProvider
1489973751112	addons.manager	DEBUG	Registering shutdown blocker for PreviousExperimentProvider
1489973751113	addons.manager	DEBUG	Provider finished startup: PreviousExperimentProvider
1489973751117	DeferredSave.extensions.json	DEBUG	Starting write
1489973751285	DeferredSave.extensions.json	DEBUG	Write succeeded
1489973751285	addons.xpi-utils	DEBUG	XPI Database saved, setting schema version preference to 19
1489973753192	Marionette	WARN	Using deprecated data structure for setting timeouts
1489973753198	Marionette	WARN	Using deprecated data structure for setting timeouts
JavaScript error: http://s1.bdstatic.com/r/www/cache/static/plugins/every_cookie_mac_82990d4.js, line 4: ReferenceError: c is not defined
1489973812797	addons.productaddons	INFO	sending request to: https://aus5.mozilla.org/update/3/GMP/51.0.1/20170125094131/Darwin_x86_64-gcc3-u-i386-x86_64/en-US/release/Darwin%2014.5.0/default/default/update.xml
1489973813546	addons.productaddons	INFO	Completed downloading document
1489973813829	addons.productaddons	INFO	downloadXHR File download. status=200
1489973813848	addons.productaddons	INFO	Downloaded file will be saved to /Users/guanhua.jing/Library/Caches/TemporaryItems/tmpaddon
1489973815485	addons.productaddons	INFO	downloadXHR File download. status=200
1489973815492	addons.productaddons	INFO	Downloaded file will be saved to /Users/guanhua.jing/Library/Caches/TemporaryItems/tmpaddon
